<?xml version="1.0" encoding="UTF-8"?>
<!-- Generated by org.testng.reporters.JUnitReportReporter -->
<testsuite hostname="EBII346F0" name="com.generic.Report" tests="1" failures="0" timestamp="25 Oct 2017 12:59:12 GMT" time="17.676" errors="0">
  <testcase name="upload" time="17.676" classname="com.generic.Report"/>
</testsuite> <!-- com.generic.Report -->
